<?xml version="1.0" ?>
<coverage branch-rate="0" branches-covered="0" branches-valid="0" complexity="0" line-rate="1" lines-covered="0" lines-valid="0" timestamp="1541972883672" version="4.5.1">
	<!-- Generated by coverage.py: https://coverage.readthedocs.io -->
	<!-- Based on https://raw.githubusercontent.com/cobertura/web/master/htdocs/xml/coverage-04.dtd -->
	<sources>
		<source>/Users/michael/prog/python/python3/project_creator</source>
	</sources>
	<packages>
		<package branch-rate="0" complexity="0" line-rate="1" name="project.tests">
			<classes>
				<class branch-rate="0" complexity="0" filename="project/tests/__init__.py" line-rate="1" name="__init__.py">
					<methods/>
					<lines/>
				</class>
			</classes>
		</package>
	</packages>
</coverage>
